{"name": "test_get_user_info_by_role_normal", "status": "failed", "statusDetails": {"message": "AssertionError: No item with code 1 found in response\nassert False\n +  where False = any(<generator object TestUserInfo.test_get_user_info_by_role_normal.<locals>.<genexpr> at 0x00000229969F9DD0>)", "trace": "self = <tests.test_userinfo.TestUserInfo object at 0x00000229961DBE80>\napi_client = <tests.fixtures.api_client.api_client.<locals>.APIClient object at 0x0000022996A15070>\ntest_data = [{'expected': {'data_length': 3, 'role': 1, 'status_code': 200}, 'input': {'role': 1}, 'name': 'Valid role'}, {'expect...'code': 400, 'error': 'Missing required fields', 'status_code': 400}, 'input': {'role': None}, 'name': 'Missing role'}]\n\n    @allure.feature(\"UserInfo API\")\n    @allure.story(\"Get user info by role - Normal Response\")\n    def test_get_user_info_by_role_normal(self, api_client, test_data):\n        for test_case in test_data:\n            if test_case[\"expected\"][\"status_code\"] == 200:\n                # 准备测试数据\n                data = test_case[\"input\"]\n    \n                # 发送请求\n                response = api_client.post(\"/UserInfo\", data)\n    \n                # 打印响应数据以调试\n                #print(f\"Response data: {response.json()}\")\n    \n    \n                # 断言\n                assert response.status_code == test_case[\"expected\"][\"status_code\"]\n                response_data = response.json()\n                print(f\"response_data:{response_data}\")\n    \n                if \"role\" in test_case[\"expected\"]:\n                    # 使用 any 函数检查是否存在指定的 code\n>                   assert any(item.get(\"role1\") == test_case[\"expected\"][\"role\"] for item in response_data), \\\n                           f\"No item with code {test_case['expected']['role']} found in response\"\nE                   AssertionError: No item with code 1 found in response\nE                   assert False\nE                    +  where False = any(<generator object TestUserInfo.test_get_user_info_by_role_normal.<locals>.<genexpr> at 0x00000229969F9DD0>)\n\ntests\\test_userinfo.py:29: AssertionError"}, "start": 1732178236123, "stop": 1732178236146, "uuid": "9da11fd9-6886-475b-8bad-db999e1a0533", "historyId": "29aa1adada51822895b2f6a24a1a8949", "testCaseId": "29aa1adada51822895b2f6a24a1a8949", "fullName": "tests.test_userinfo.TestUserInfo#test_get_user_info_by_role_normal", "labels": [{"name": "story", "value": "Get user info by role - Normal Response"}, {"name": "feature", "value": "UserInfo API"}, {"name": "parentSuite", "value": "tests"}, {"name": "suite", "value": "test_userinfo"}, {"name": "subSuite", "value": "TestUserInfo"}, {"name": "host", "value": "PA2021102410"}, {"name": "thread", "value": "20812-MainThread"}, {"name": "framework", "value": "pytest"}, {"name": "language", "value": "cpython3"}, {"name": "package", "value": "tests.test_userinfo"}]}